<?xml version="1.0" encoding="UTF-8"?>
<!-- Generated by org.testng.reporters.JUnitXMLReporter -->
<testsuite ignored="0" hostname="5ab417e6d486" failures="0" tests="5" name="Surefire test" time="11.326" errors="0" timestamp="2026-05-21T09:26:42 GMT">
  <testcase classname="GradeApiTest" name="createPostTest" time="7.855"/>
  <testcase classname="GradeApiTest" name="deletePostTest" time="0.74"/>
  <testcase classname="GradeApiTest" name="getAllPostsTest" time="0.403"/>
  <testcase classname="GradeApiTest" name="getSinglePostTest" time="0.507"/>
  <testcase classname="GradeApiTest" name="invalidPostTest" time="0.474"/>
</testsuite> <!-- Surefire test -->
