<?xml version="1.0" encoding="UTF-8"?>
<testsuite xmlns:xsi="http://www.w3.org/2001/XMLSchema-instance" xsi:noNamespaceSchemaLocation="https://maven.apache.org/surefire/maven-surefire-plugin/xsd/surefire-test-report-3.0.xsd" version="3.0" name="GradeApiTest" time="12.361" tests="5" errors="0" skipped="0" failures="0">
  <properties>
[...]
</properties>
  <testcase name="createPostTest" classname="GradeApiTest" time="7.86">
    <system-err><![CDATA[SLF4J: Failed to load class "org.slf4j.impl.StaticLoggerBinder".
SLF4J: Defaulting to no-operation (NOP) logger implementation
SLF4J: See http://www.slf4j.org/codes.html#StaticLoggerBinder for further details.
]]></system-err>
  </testcase>
  <testcase name="deletePostTest" classname="GradeApiTest" time="0.737"/>
  <testcase name="getAllPostsTest" classname="GradeApiTest" time="0.404"/>
  <testcase name="getSinglePostTest" classname="GradeApiTest" time="0.507"/>
  <testcase name="invalidPostTest" classname="GradeApiTest" time="0.475"/>
</testsuite>