<?xml version="1.0" encoding="UTF-8"?>
<testng-results ignored="0" total="5" passed="5" failed="0" skipped="0">
  <reporter-output>
  </reporter-output>
  <suite started-at="2026-05-21T09:26:31 GMT" name="Surefire suite" finished-at="2026-05-21T09:26:42 GMT" duration-ms="11326">
    <groups>
    </groups>
    <test started-at="2026-05-21T09:26:31 GMT" name="Surefire test" finished-at="2026-05-21T09:26:42 GMT" duration-ms="11326">
      <class name="GradeApiTest">
        <test-method is-config="true" signature="setup()[pri:0, instance:GradeApiTest@64d2d351]" started-at="2026-05-21T09:26:31 GMT" name="setup" finished-at="2026-05-21T09:26:32 GMT" duration-ms="1226" status="PASS">
          <reporter-output>
          </reporter-output>
        </test-method> <!-- setup -->
        <test-method signature="createPostTest()[pri:0, instance:GradeApiTest@64d2d351]" started-at="2026-05-21T09:26:32 GMT" name="createPostTest" finished-at="2026-05-21T09:26:40 GMT" duration-ms="7855" status="PASS">
          <reporter-output>
          </reporter-output>
        </test-method> <!-- createPostTest -->
        <test-method signature="deletePostTest()[pri:0, instance:GradeApiTest@64d2d351]" started-at="2026-05-21T09:26:40 GMT" name="deletePostTest" finished-at="2026-05-21T09:26:41 GMT" duration-ms="740" status="PASS">
          <reporter-output>
          </reporter-output>
        </test-method> <!-- deletePostTest -->
        <test-method signature="getAllPostsTest()[pri:0, instance:GradeApiTest@64d2d351]" started-at="2026-05-21T09:26:41 GMT" name="getAllPostsTest" finished-at="2026-05-21T09:26:41 GMT" duration-ms="403" status="PASS">
          <reporter-output>
          </reporter-output>
        </test-method> <!-- getAllPostsTest -->
        <test-method signature="getSinglePostTest()[pri:0, instance:GradeApiTest@64d2d351]" started-at="2026-05-21T09:26:41 GMT" name="getSinglePostTest" finished-at="2026-05-21T09:26:42 GMT" duration-ms="507" status="PASS">
          <reporter-output>
          </reporter-output>
        </test-method> <!-- getSinglePostTest -->
        <test-method signature="invalidPostTest()[pri:0, instance:GradeApiTest@64d2d351]" started-at="2026-05-21T09:26:42 GMT" name="invalidPostTest" finished-at="2026-05-21T09:26:42 GMT" duration-ms="474" status="PASS">
          <reporter-output>
          </reporter-output>
        </test-method> <!-- invalidPostTest -->
      </class> <!-- GradeApiTest -->
    </test> <!-- Surefire test -->
  </suite> <!-- Surefire suite -->
</testng-results>
